2023-07-13 13:08:25 Loading main app package /usr/lib/obsidian/obsidian.asar
2023-07-13 13:08:25 Checking for update using Github
2023-07-13 13:08:25 Success.
2023-07-13 13:08:25 Latest version is 1.3.5
2023-07-13 13:08:25 App is up to date.
2023-07-13 13:09:08 Loading main app package /usr/lib/obsidian/obsidian.asar
2023-07-13 13:09:08 Checking for update using Github
2023-07-13 13:09:08 Success.
2023-07-13 13:09:08 Latest version is 1.3.5
2023-07-13 13:09:08 App is up to date.
2023-07-13 14:55:43 Checking for update using Github
2023-07-13 14:55:43 Success.
2023-07-13 14:55:43 Latest version is 1.3.5
2023-07-13 14:55:43 App is up to date.
2023-07-13 15:55:43 Checking for update using Github
2023-07-13 15:55:43 Success.
2023-07-13 15:55:43 Latest version is 1.3.5
2023-07-13 15:55:43 App is up to date.
2023-07-13 16:55:43 Checking for update using Github
2023-07-13 16:55:43 Success.
2023-07-13 16:55:43 Latest version is 1.3.5
2023-07-13 16:55:43 App is up to date.
2023-07-13 17:55:43 Checking for update using Github
2023-07-13 17:55:43 Success.
2023-07-13 17:55:43 Latest version is 1.3.5
2023-07-13 17:55:43 App is up to date.
2023-07-13 18:55:43 Checking for update using Github
2023-07-13 18:55:43 Success.
2023-07-13 18:55:43 Latest version is 1.3.5
2023-07-13 18:55:43 App is up to date.
2023-07-13 19:55:43 Checking for update using Github
2023-07-13 19:55:43 Success.
2023-07-13 19:55:43 Latest version is 1.3.5
2023-07-13 19:55:43 App is up to date.
2023-07-13 22:05:03 Loading main app package /usr/lib/obsidian/obsidian.asar
2023-07-13 22:05:03 Checking for update using Github
2023-07-13 22:05:03 Success.
2023-07-13 22:05:03 Latest version is 1.3.5
2023-07-13 22:05:03 App is up to date.
2023-07-13 23:05:03 Checking for update using Github
2023-07-13 23:05:03 Success.
2023-07-13 23:05:03 Latest version is 1.3.5
2023-07-13 23:05:03 App is up to date.
2023-07-14 11:44:14 Loading main app package /usr/lib/obsidian/obsidian.asar
2023-07-14 11:44:14 Checking for update using Github
2023-07-14 11:44:14 Success.
2023-07-14 11:44:14 Latest version is 1.3.5
2023-07-14 11:44:14 App is up to date.
2023-07-14 11:53:14 Loading main app package /usr/lib/obsidian/obsidian.asar
2023-07-14 11:53:14 Checking for update using Github
2023-07-14 11:53:15 Success.
2023-07-14 11:53:15 Latest version is 1.3.5
2023-07-14 11:53:15 App is up to date.
2023-07-14 11:58:41 Loading main app package /usr/lib/obsidian/obsidian.asar
2023-07-14 11:58:42 Checking for update using Github
2023-07-14 11:58:42 Success.
2023-07-14 11:58:42 Latest version is 1.3.5
2023-07-14 11:58:42 App is up to date.
2023-07-14 16:08:42 Checking for update using Github
2023-07-14 16:08:43 Success.
2023-07-14 16:08:43 Latest version is 1.3.5
2023-07-14 16:08:43 App is up to date.
2023-07-14 17:08:42 Checking for update using Github
2023-07-14 17:08:43 Success.
2023-07-14 17:08:43 Latest version is 1.3.5
2023-07-14 17:08:43 App is up to date.
2023-07-14 18:08:43 Checking for update using Github
2023-07-14 18:08:43 Success.
2023-07-14 18:08:43 Latest version is 1.3.5
2023-07-14 18:08:43 App is up to date.
2023-07-14 20:59:42 Checking for update using Github
2023-07-14 20:59:42 Success.
2023-07-14 20:59:42 Latest version is 1.3.5
2023-07-14 20:59:42 App is up to date.
2023-07-14 21:59:42 Checking for update using Github
2023-07-14 21:59:42 Success.
2023-07-14 21:59:42 Latest version is 1.3.5
2023-07-14 21:59:42 App is up to date.
2023-07-15 00:01:01 Checking for update using Github
2023-07-15 00:01:01 Success.
2023-07-15 00:01:01 Latest version is 1.3.5
2023-07-15 00:01:01 App is up to date.
2023-07-15 12:36:30 Loading main app package /usr/lib/obsidian/obsidian.asar
2023-07-15 12:36:31 Checking for update using Github
2023-07-15 12:36:31 Success.
2023-07-15 12:36:31 Latest version is 1.3.5
2023-07-15 12:36:31 App is up to date.
2023-07-15 12:39:34 Loading main app package /usr/lib/obsidian/obsidian.asar
2023-07-15 12:39:35 Checking for update using Github
2023-07-15 12:39:35 Success.
2023-07-15 12:39:35 Latest version is 1.3.5
2023-07-15 12:39:35 App is up to date.
2023-07-15 13:39:34 Checking for update using Github
2023-07-15 13:39:35 Success.
2023-07-15 13:39:35 Latest version is 1.3.5
2023-07-15 13:39:35 App is up to date.
2023-07-16 10:23:50 Loading main app package /usr/lib/obsidian/obsidian.asar
2023-07-16 10:23:50 Checking for update using Github
2023-07-16 10:23:51 Success.
2023-07-16 10:23:51 Latest version is 1.3.5
2023-07-16 10:23:51 App is up to date.
2023-07-17 00:49:27 Checking for update using Github
2023-07-17 00:49:27 Success.
2023-07-17 00:49:27 Latest version is 1.3.5
2023-07-17 00:49:27 App is up to date.
2023-07-17 01:49:27 Checking for update using Github
2023-07-17 01:49:27 Success.
2023-07-17 01:49:27 Latest version is 1.3.5
2023-07-17 01:49:27 App is up to date.
2023-07-17 20:15:38 Loading main app package /usr/lib/obsidian/obsidian.asar
2023-07-17 20:15:38 Checking for update using Github
2023-07-17 20:15:38 Failed to check for update using Github (net::ERR_INTERNET_DISCONNECTED)
2023-07-17 20:15:38 Checking for update using obsidian.md
2023-07-17 20:15:38 Failed to check for update using obsidian.md (net::ERR_INTERNET_DISCONNECTED)
2023-07-17 21:15:36 Checking for update using Github
2023-07-17 21:15:36 Success.
2023-07-17 21:15:36 Latest version is 1.3.5
2023-07-17 21:15:36 App is up to date.
2023-07-18 16:31:25 Loading main app package /usr/lib/obsidian/obsidian.asar
2023-07-18 16:31:25 Checking for update using Github
2023-07-18 16:31:25 Success.
2023-07-18 16:31:25 Latest version is 1.3.5
2023-07-18 16:31:25 App is up to date.
2023-07-19 16:33:12 Checking for update using Github
2023-07-19 16:33:12 Success.
2023-07-19 16:33:12 Latest version is 1.3.5
2023-07-19 16:33:12 App is up to date.
2023-07-19 17:33:12 Checking for update using Github
2023-07-19 17:33:12 Success.
2023-07-19 17:33:12 Latest version is 1.3.5
2023-07-19 17:33:12 App is up to date.
2023-07-19 18:33:12 Checking for update using Github
2023-07-19 18:33:12 Success.
2023-07-19 18:33:12 Latest version is 1.3.5
2023-07-19 18:33:12 App is up to date.
2023-07-19 19:33:12 Checking for update using Github
2023-07-19 19:33:12 Success.
2023-07-19 19:33:12 Latest version is 1.3.5
2023-07-19 19:33:12 App is up to date.
2023-07-19 20:33:12 Checking for update using Github
2023-07-19 20:33:13 Success.
2023-07-19 20:33:13 Latest version is 1.3.5
2023-07-19 20:33:13 App is up to date.
2023-07-20 09:32:37 Checking for update using Github
2023-07-20 09:32:37 Success.
2023-07-20 09:32:37 Latest version is 1.3.5
2023-07-20 09:32:37 App is up to date.
2023-07-20 10:49:47 Checking for update using Github
2023-07-20 10:49:47 Success.
2023-07-20 10:49:47 Latest version is 1.3.5
2023-07-20 10:49:47 App is up to date.
2023-07-20 11:49:47 Checking for update using Github
2023-07-20 11:49:47 Success.
2023-07-20 11:49:47 Latest version is 1.3.5
2023-07-20 11:49:47 App is up to date.
2023-07-20 13:07:15 Checking for update using Github
2023-07-20 13:07:15 Success.
2023-07-20 13:07:15 Latest version is 1.3.5
2023-07-20 13:07:15 App is up to date.
2023-07-20 14:07:15 Checking for update using Github
2023-07-20 14:07:15 Success.
2023-07-20 14:07:15 Latest version is 1.3.5
2023-07-20 14:07:15 App is up to date.
2023-07-20 15:07:15 Checking for update using Github
2023-07-20 15:07:15 Success.
2023-07-20 15:07:15 Latest version is 1.3.5
2023-07-20 15:07:15 App is up to date.
2023-07-20 16:07:15 Checking for update using Github
2023-07-20 16:07:15 Success.
2023-07-20 16:07:15 Latest version is 1.3.5
2023-07-20 16:07:15 App is up to date.
2023-07-20 17:07:15 Checking for update using Github
2023-07-20 17:07:15 Success.
2023-07-20 17:07:15 Latest version is 1.3.5
2023-07-20 17:07:15 App is up to date.
2023-07-20 18:07:15 Checking for update using Github
2023-07-20 18:07:15 Success.
2023-07-20 18:07:15 Latest version is 1.3.5
2023-07-20 18:07:15 App is up to date.
2023-07-20 19:07:15 Checking for update using Github
2023-07-20 19:07:15 Success.
2023-07-20 19:07:15 Latest version is 1.3.5
2023-07-20 19:07:15 App is up to date.
2023-07-20 20:07:15 Checking for update using Github
2023-07-20 20:07:15 Success.
2023-07-20 20:07:15 Latest version is 1.3.5
2023-07-20 20:07:15 App is up to date.
2023-07-21 13:00:55 Checking for update using Github
2023-07-21 13:00:55 Success.
2023-07-21 13:00:55 Latest version is 1.3.5
2023-07-21 13:00:55 App is up to date.
2023-07-22 15:54:37 Loading main app package /usr/lib/obsidian/obsidian.asar
2023-07-22 15:54:37 Checking for update using Github
2023-07-22 15:54:38 Success.
2023-07-22 15:54:38 Latest version is 1.3.5
2023-07-22 15:54:38 App is up to date.
2023-07-22 16:54:37 Checking for update using Github
2023-07-22 16:54:37 Success.
2023-07-22 16:54:37 Latest version is 1.3.5
2023-07-22 16:54:37 App is up to date.
2023-07-23 14:30:46 Checking for update using Github
2023-07-23 14:30:46 Success.
2023-07-23 14:30:46 Latest version is 1.3.5
2023-07-23 14:30:46 App is up to date.
2023-07-23 15:32:06 Checking for update using Github
2023-07-23 15:32:06 Success.
2023-07-23 15:32:06 Latest version is 1.3.5
2023-07-23 15:32:06 App is up to date.
2023-07-23 16:32:06 Checking for update using Github
2023-07-23 16:32:06 Success.
2023-07-23 16:32:06 Latest version is 1.3.5
2023-07-23 16:32:06 App is up to date.
2023-07-24 12:02:04 Loading main app package /usr/lib/obsidian/obsidian.asar
2023-07-24 12:02:04 Checking for update using Github
2023-07-24 12:02:04 Success.
2023-07-24 12:02:04 Latest version is 1.3.5
2023-07-24 12:02:04 App is up to date.
2023-07-24 13:02:04 Checking for update using Github
2023-07-24 13:02:04 Success.
2023-07-24 13:02:04 Latest version is 1.3.5
2023-07-24 13:02:04 App is up to date.
2023-07-24 14:02:04 Checking for update using Github
2023-07-24 14:02:04 Success.
2023-07-24 14:02:04 Latest version is 1.3.5
2023-07-24 14:02:04 App is up to date.
2023-07-24 15:02:04 Checking for update using Github
2023-07-24 15:02:04 Success.
2023-07-24 15:02:04 Latest version is 1.3.5
2023-07-24 15:02:04 App is up to date.
2023-07-24 16:02:04 Checking for update using Github
2023-07-24 16:02:04 Success.
2023-07-24 16:02:04 Latest version is 1.3.5
2023-07-24 16:02:04 App is up to date.
2023-07-24 17:02:04 Checking for update using Github
2023-07-24 17:02:04 Success.
2023-07-24 17:02:04 Latest version is 1.3.5
2023-07-24 17:02:04 App is up to date.
2023-07-24 18:02:04 Checking for update using Github
2023-07-24 18:02:04 Success.
2023-07-24 18:02:04 Latest version is 1.3.5
2023-07-24 18:02:04 App is up to date.
2023-07-25 14:45:47 Checking for update using Github
2023-07-25 14:45:47 Success.
2023-07-25 14:45:47 Latest version is 1.3.5
2023-07-25 14:45:47 App is up to date.
2023-07-25 15:45:47 Checking for update using Github
2023-07-25 15:45:47 Success.
2023-07-25 15:45:47 Latest version is 1.3.5
2023-07-25 15:45:47 App is up to date.
2023-07-26 09:09:42 Checking for update using Github
2023-07-26 09:09:42 Success.
2023-07-26 09:09:42 Latest version is 1.3.5
2023-07-26 09:09:42 App is up to date.
2023-07-26 10:09:41 Checking for update using Github
2023-07-26 10:09:41 Success.
2023-07-26 10:09:41 Latest version is 1.3.5
2023-07-26 10:09:41 App is up to date.
2023-07-26 13:30:30 Loading main app package /usr/lib/obsidian/obsidian.asar
2023-07-26 13:30:30 Checking for update using Github
2023-07-26 13:30:30 Failed to check for update using Github (net::ERR_INTERNET_DISCONNECTED)
2023-07-26 13:30:30 Checking for update using obsidian.md
2023-07-26 13:30:30 Failed to check for update using obsidian.md (net::ERR_INTERNET_DISCONNECTED)
2023-07-27 12:23:00 Loading main app package /usr/lib/obsidian/obsidian.asar
2023-07-27 12:23:01 Checking for update using Github
2023-07-27 12:23:01 Success.
2023-07-27 12:23:01 Latest version is 1.3.5
2023-07-27 12:23:01 App is up to date.
2023-07-27 12:35:38 Loading main app package /usr/lib/obsidian/obsidian.asar
2023-07-27 12:35:39 Checking for update using Github
2023-07-27 12:35:39 Success.
2023-07-27 12:35:39 Latest version is 1.3.5
2023-07-27 12:35:39 App is up to date.
2023-07-27 13:35:38 Checking for update using Github
2023-07-27 13:35:39 Success.
2023-07-27 13:35:39 Latest version is 1.3.5
2023-07-27 13:35:39 App is up to date.
2023-07-27 14:35:39 Checking for update using Github
2023-07-27 14:35:39 Success.
2023-07-27 14:35:39 Latest version is 1.3.5
2023-07-27 14:35:39 App is up to date.
2023-07-27 15:35:39 Checking for update using Github
2023-07-27 15:35:39 Success.
2023-07-27 15:35:39 Latest version is 1.3.5
2023-07-27 15:35:39 App is up to date.
2023-07-31 09:59:29 Loading main app package /usr/lib/obsidian/obsidian.asar
2023-07-31 09:59:30 Checking for update using Github
2023-07-31 09:59:30 Success.
2023-07-31 09:59:30 Latest version is 1.3.5
2023-07-31 09:59:30 App is up to date.
2023-07-31 10:59:23 Checking for update using Github
2023-07-31 10:59:23 Success.
2023-07-31 10:59:23 Latest version is 1.3.5
2023-07-31 10:59:23 App is up to date.
2023-08-02 09:36:04 Checking for update using Github
2023-08-02 09:36:04 Success.
2023-08-02 09:36:04 Latest version is 1.3.7
2023-08-02 09:36:04 Downloading update from https://github.com/obsidianmd/obsidian-releases/releases/download/v1.3.7/obsidian-1.3.7.asar.gz
2023-08-02 09:36:05 Verifying hash & signature. Size= 7540911
2023-08-02 09:36:05 Saving file
2023-08-02 09:36:05 Update complete.
2023-08-02 10:36:00 Checking for update using Github
2023-08-02 10:36:00 Success.
2023-08-02 10:36:00 Latest version is 1.3.7
2023-08-02 10:36:00 An update is already downloaded.
2023-08-02 11:36:00 Checking for update using Github
2023-08-02 11:36:00 Success.
2023-08-02 11:36:00 Latest version is 1.3.7
2023-08-02 11:36:00 An update is already downloaded.
2023-08-02 12:36:00 Checking for update using Github
2023-08-02 12:36:00 Success.
2023-08-02 12:36:00 Latest version is 1.3.7
2023-08-02 12:36:00 An update is already downloaded.
2023-08-02 15:26:41 Loading updated app package /home/artur/.config/obsidian/obsidian-1.3.7.asar
2023-08-02 15:26:41 Checking for update using Github
2023-08-02 15:26:41 Success.
2023-08-02 15:26:41 Latest version is 1.3.7
2023-08-02 15:26:41 App is up to date.
2023-08-02 16:26:41 Checking for update using Github
2023-08-02 16:26:41 Success.
2023-08-02 16:26:41 Latest version is 1.3.7
2023-08-02 16:26:41 App is up to date.
2023-08-02 17:26:41 Checking for update using Github
2023-08-02 17:26:41 Success.
2023-08-02 17:26:41 Latest version is 1.3.7
2023-08-02 17:26:41 App is up to date.
2023-08-02 18:26:41 Checking for update using Github
2023-08-02 18:26:41 Success.
2023-08-02 18:26:41 Latest version is 1.3.7
2023-08-02 18:26:41 App is up to date.
2023-08-03 11:21:24 Checking for update using Github
2023-08-03 11:21:24 Success.
2023-08-03 11:21:24 Latest version is 1.3.7
2023-08-03 11:21:24 App is up to date.
2023-08-03 12:21:24 Checking for update using Github
2023-08-03 12:21:24 Success.
2023-08-03 12:21:24 Latest version is 1.3.7
2023-08-03 12:21:24 App is up to date.
2023-08-03 13:21:24 Checking for update using Github
2023-08-03 13:21:24 Success.
2023-08-03 13:21:24 Latest version is 1.3.7
2023-08-03 13:21:24 App is up to date.
2023-08-03 14:21:24 Checking for update using Github
2023-08-03 14:21:24 Success.
2023-08-03 14:21:24 Latest version is 1.3.7
2023-08-03 14:21:24 App is up to date.
2023-08-03 15:21:24 Checking for update using Github
2023-08-03 15:21:24 Success.
2023-08-03 15:21:24 Latest version is 1.3.7
2023-08-03 15:21:24 App is up to date.
2023-08-03 18:40:45 Checking for update using Github
2023-08-03 18:40:45 Success.
2023-08-03 18:40:45 Latest version is 1.3.7
2023-08-03 18:40:45 App is up to date.
2023-08-03 19:40:45 Checking for update using Github
2023-08-03 19:40:45 Success.
2023-08-03 19:40:45 Latest version is 1.3.7
2023-08-03 19:40:45 App is up to date.
2023-08-03 21:08:17 Checking for update using Github
2023-08-03 21:08:17 Success.
2023-08-03 21:08:17 Latest version is 1.3.7
2023-08-03 21:08:17 App is up to date.
2023-08-03 22:08:17 Checking for update using Github
2023-08-03 22:08:17 Success.
2023-08-03 22:08:17 Latest version is 1.3.7
2023-08-03 22:08:17 App is up to date.
2023-08-03 23:08:17 Checking for update using Github
2023-08-03 23:08:17 Success.
2023-08-03 23:08:17 Latest version is 1.3.7
2023-08-03 23:08:17 App is up to date.
2023-08-04 09:31:20 Checking for update using Github
2023-08-04 09:31:20 Success.
2023-08-04 09:31:20 Latest version is 1.3.7
2023-08-04 09:31:20 App is up to date.
2023-08-04 10:31:20 Checking for update using Github
2023-08-04 10:31:20 Success.
2023-08-04 10:31:20 Latest version is 1.3.7
2023-08-04 10:31:20 App is up to date.
2023-08-04 11:31:20 Checking for update using Github
2023-08-04 11:31:20 Success.
2023-08-04 11:31:20 Latest version is 1.3.7
2023-08-04 11:31:20 App is up to date.
2023-08-04 12:31:20 Checking for update using Github
2023-08-04 12:31:20 Success.
2023-08-04 12:31:20 Latest version is 1.3.7
2023-08-04 12:31:20 App is up to date.
2023-08-04 13:31:20 Checking for update using Github
2023-08-04 13:31:20 Success.
2023-08-04 13:31:20 Latest version is 1.3.7
2023-08-04 13:31:20 App is up to date.
2023-08-06 07:37:41 Loading main app package /usr/lib/obsidian/obsidian.asar
2023-08-06 07:37:41 Checking for update using Github
2023-08-06 07:37:41 Failed to check for update using Github (net::ERR_INTERNET_DISCONNECTED)
2023-08-06 07:37:41 Checking for update using obsidian.md
2023-08-06 07:37:41 Failed to check for update using obsidian.md (net::ERR_INTERNET_DISCONNECTED)
2023-08-06 19:41:30 Loading main app package /usr/lib/obsidian/obsidian.asar
2023-08-06 19:41:31 Checking for update using Github
2023-08-06 19:41:31 Failed to check for update using Github (net::ERR_INTERNET_DISCONNECTED)
2023-08-06 19:41:31 Checking for update using obsidian.md
2023-08-06 19:41:31 Failed to check for update using obsidian.md (net::ERR_INTERNET_DISCONNECTED)
2023-08-06 20:41:30 Checking for update using Github
2023-08-06 20:41:30 Failed to check for update using Github (net::ERR_INTERNET_DISCONNECTED)
2023-08-06 20:41:30 Checking for update using obsidian.md
2023-08-06 20:41:30 Failed to check for update using obsidian.md (net::ERR_INTERNET_DISCONNECTED)
2023-08-07 09:54:57 Checking for update using Github
2023-08-07 09:54:57 Success.
2023-08-07 09:54:57 Latest version is 1.3.7
2023-08-07 09:54:57 App is up to date.
2023-08-07 10:54:56 Checking for update using Github
2023-08-07 10:54:56 Success.
2023-08-07 10:54:56 Latest version is 1.3.7
2023-08-07 10:54:56 App is up to date.
2023-08-07 13:03:12 Checking for update using Github
2023-08-07 13:03:12 Success.
2023-08-07 13:03:12 Latest version is 1.3.7
2023-08-07 13:03:12 App is up to date.
2023-08-07 17:38:29 Checking for update using Github
2023-08-07 17:38:29 Success.
2023-08-07 17:38:29 Latest version is 1.3.7
2023-08-07 17:38:29 App is up to date.
2023-08-07 20:29:22 Checking for update using Github
2023-08-07 20:29:23 Success.
2023-08-07 20:29:23 Latest version is 1.3.7
2023-08-07 20:29:23 App is up to date.
2023-08-07 21:29:23 Checking for update using Github
2023-08-07 21:29:24 Success.
2023-08-07 21:29:24 Latest version is 1.3.7
2023-08-07 21:29:24 App is up to date.
2023-08-08 09:22:15 Checking for update using Github
2023-08-08 09:22:15 Success.
2023-08-08 09:22:15 Latest version is 1.3.7
2023-08-08 09:22:15 App is up to date.
2023-08-08 10:22:15 Checking for update using Github
2023-08-08 10:22:15 Success.
2023-08-08 10:22:15 Latest version is 1.3.7
2023-08-08 10:22:15 App is up to date.
2023-08-08 12:37:13 Checking for update using Github
2023-08-08 12:37:13 Failed to check for update using Github (net::ERR_INTERNET_DISCONNECTED)
2023-08-08 12:37:13 Checking for update using obsidian.md
2023-08-08 12:37:13 Failed to check for update using obsidian.md (net::ERR_INTERNET_DISCONNECTED)
2023-08-08 15:36:35 Checking for update using Github
2023-08-08 15:36:35 Failed to check for update using Github (net::ERR_INTERNET_DISCONNECTED)
2023-08-08 15:36:35 Checking for update using obsidian.md
2023-08-08 15:36:35 Failed to check for update using obsidian.md (net::ERR_INTERNET_DISCONNECTED)
2023-08-11 18:16:43 Loading main app package /usr/lib/obsidian/obsidian.asar
2023-08-11 18:16:43 Checking for update using Github
2023-08-11 18:16:43 Success.
2023-08-11 18:16:43 Latest version is 1.3.7
2023-08-11 18:16:43 App is up to date.
2023-08-11 20:58:43 Checking for update using Github
2023-08-11 20:58:43 Success.
2023-08-11 20:58:43 Latest version is 1.3.7
2023-08-11 20:58:43 App is up to date.
2023-08-12 13:05:29 Checking for update using Github
2023-08-12 13:05:29 Success.
2023-08-12 13:05:29 Latest version is 1.3.7
2023-08-12 13:05:29 App is up to date.
2023-08-12 20:23:32 Loading main app package /usr/lib/obsidian/obsidian.asar
2023-08-12 20:23:33 Checking for update using Github
2023-08-12 20:23:33 Failed to check for update using Github (net::ERR_INTERNET_DISCONNECTED)
2023-08-12 20:23:33 Checking for update using obsidian.md
2023-08-12 20:23:33 Failed to check for update using obsidian.md (net::ERR_INTERNET_DISCONNECTED)
2023-08-13 09:14:21 Loading main app package /usr/lib/obsidian/obsidian.asar
2023-08-13 09:14:21 Checking for update using Github
2023-08-13 09:14:21 Failed to check for update using Github (net::ERR_INTERNET_DISCONNECTED)
2023-08-13 09:14:21 Checking for update using obsidian.md
2023-08-13 09:14:21 Failed to check for update using obsidian.md (net::ERR_INTERNET_DISCONNECTED)
2023-08-14 14:41:05 Checking for update using Github
2023-08-14 16:21:08 Loading main app package /usr/lib/obsidian/obsidian.asar
2023-08-14 16:21:09 Checking for update using Github
2023-08-14 16:21:09 Success.
2023-08-14 16:21:09 Latest version is 1.3.7
2023-08-14 16:21:09 App is up to date.
2023-08-14 17:34:51 Loading main app package /usr/lib/obsidian/obsidian.asar
2023-08-14 17:34:51 Checking for update using Github
2023-08-14 17:34:51 Success.
2023-08-14 17:34:51 Latest version is 1.3.7
2023-08-14 17:34:51 App is up to date.
2023-08-14 18:34:51 Checking for update using Github
2023-08-14 18:34:51 Success.
2023-08-14 18:34:51 Latest version is 1.3.7
2023-08-14 18:34:51 App is up to date.
2023-08-14 19:34:51 Checking for update using Github
2023-08-14 19:34:52 Success.
2023-08-14 19:34:52 Latest version is 1.3.7
2023-08-14 19:34:52 App is up to date.
2023-08-14 19:45:42 Loading main app package /usr/lib/obsidian/obsidian.asar
2023-08-14 19:45:43 Checking for update using Github
2023-08-14 19:45:43 Failed to check for update using Github (net::ERR_INTERNET_DISCONNECTED)
2023-08-14 19:45:43 Checking for update using obsidian.md
2023-08-14 19:45:43 Failed to check for update using obsidian.md (net::ERR_INTERNET_DISCONNECTED)
2023-08-14 20:45:42 Checking for update using Github
2023-08-14 20:45:42 Failed to check for update using Github (net::ERR_INTERNET_DISCONNECTED)
2023-08-14 20:45:42 Checking for update using obsidian.md
2023-08-14 20:45:42 Failed to check for update using obsidian.md (net::ERR_INTERNET_DISCONNECTED)
2023-08-14 21:45:42 Checking for update using Github
2023-08-14 21:45:42 Failed to check for update using Github (net::ERR_INTERNET_DISCONNECTED)
2023-08-14 21:45:42 Checking for update using obsidian.md
2023-08-14 21:45:42 Failed to check for update using obsidian.md (net::ERR_INTERNET_DISCONNECTED)
2023-08-15 00:19:34 Checking for update using Github
2023-08-15 00:19:34 Failed to check for update using Github (net::ERR_INTERNET_DISCONNECTED)
2023-08-15 00:19:34 Checking for update using obsidian.md
2023-08-15 00:19:34 Failed to check for update using obsidian.md (net::ERR_INTERNET_DISCONNECTED)
2023-08-15 20:47:36 Loading main app package /usr/lib/obsidian/obsidian.asar
2023-08-15 20:47:36 Checking for update using Github
2023-08-15 20:47:36 Success.
2023-08-15 20:47:36 Latest version is 1.3.7
2023-08-15 20:47:36 App is up to date.
2023-08-17 07:44:25 Loading main app package /usr/lib/obsidian/obsidian.asar
2023-08-17 07:44:26 Checking for update using Github
2023-08-17 07:44:26 Success.
2023-08-17 07:44:26 Latest version is 1.3.7
2023-08-17 07:44:26 App is up to date.
2023-08-17 08:44:26 Checking for update using Github
2023-08-17 08:44:26 Success.
2023-08-17 08:44:26 Latest version is 1.3.7
2023-08-17 08:44:26 App is up to date.
2023-08-17 09:44:26 Checking for update using Github
2023-08-17 09:44:26 Success.
2023-08-17 09:44:26 Latest version is 1.3.7
2023-08-17 09:44:26 App is up to date.
2023-08-17 11:12:03 Loading main app package /usr/lib/obsidian/obsidian.asar
2023-08-17 11:12:03 Checking for update using Github
2023-08-17 11:12:03 Success.
2023-08-17 11:12:03 Latest version is 1.3.7
2023-08-17 11:12:03 App is up to date.
2023-08-17 12:12:03 Checking for update using Github
2023-08-17 12:12:03 Success.
2023-08-17 12:12:03 Latest version is 1.3.7
2023-08-17 12:12:03 App is up to date.
2023-08-17 13:12:03 Checking for update using Github
2023-08-17 13:12:03 Success.
2023-08-17 13:12:03 Latest version is 1.3.7
2023-08-17 13:12:03 App is up to date.
2023-08-17 14:12:03 Checking for update using Github
2023-08-17 14:12:03 Success.
2023-08-17 14:12:03 Latest version is 1.3.7
2023-08-17 14:12:03 App is up to date.
2023-08-17 15:12:03 Checking for update using Github
2023-08-17 15:12:03 Success.
2023-08-17 15:12:03 Latest version is 1.3.7
2023-08-17 15:12:03 App is up to date.
2023-08-18 09:05:52 Loading main app package /usr/lib/obsidian/obsidian.asar
2023-08-18 09:05:52 Checking for update using Github
2023-08-18 09:05:53 Success.
2023-08-18 09:05:53 Latest version is 1.3.7
2023-08-18 09:05:53 App is up to date.
2023-08-18 10:05:52 Checking for update using Github
2023-08-18 10:05:52 Success.
2023-08-18 10:05:52 Latest version is 1.3.7
2023-08-18 10:05:52 App is up to date.
2023-08-18 11:39:26 Checking for update using Github
2023-08-18 12:00:54 Loading main app package /usr/lib/obsidian/obsidian.asar
2023-08-18 12:00:55 Checking for update using Github
2023-08-18 12:00:55 Success.
2023-08-18 12:00:55 Latest version is 1.3.7
2023-08-18 12:00:55 App is up to date.
2023-08-23 09:11:26 Loading main app package /usr/lib/obsidian/obsidian.asar
2023-08-23 09:11:27 Checking for update using Github
2023-08-23 09:11:27 Failed to check for update using Github (net::ERR_CONNECTION_REFUSED)
2023-08-23 09:11:27 Checking for update using obsidian.md
2023-08-23 09:11:27 Failed to check for update using obsidian.md (net::ERR_CONNECTION_REFUSED)
2023-08-23 10:11:27 Checking for update using Github
2023-08-23 10:11:27 Success.
2023-08-23 10:11:27 Latest version is 1.3.7
2023-08-23 10:11:27 App is up to date.
2023-08-23 13:51:06 Checking for update using Github
2023-08-24 14:30:40 Loading main app package /usr/lib/obsidian/obsidian.asar
2023-08-24 14:30:40 Checking for update using Github
2023-08-24 14:30:40 Failed to check for update using Github (net::ERR_CONNECTION_REFUSED)
2023-08-24 14:30:40 Checking for update using obsidian.md
2023-08-24 14:30:40 Failed to check for update using obsidian.md (net::ERR_CONNECTION_REFUSED)
2023-08-24 14:33:38 Loading main app package /usr/lib/obsidian/obsidian.asar
2023-08-24 14:33:38 Checking for update using Github
2023-08-24 14:33:38 Success.
2023-08-24 14:33:38 Latest version is 1.3.7
2023-08-24 14:33:38 App is up to date.
2023-08-29 07:35:18 Loading main app package /usr/lib/obsidian/obsidian.asar
2023-08-29 07:35:19 Checking for update using Github
2023-08-29 07:35:19 Success.
2023-08-29 07:35:19 Latest version is 1.3.7
2023-08-29 07:35:19 App is up to date.
2023-08-29 15:48:07 Checking for update using Github
2023-08-29 15:48:07 Success.
2023-08-29 15:48:07 Latest version is 1.3.7
2023-08-29 15:48:07 App is up to date.
2023-08-29 16:43:34 Loading main app package /usr/lib/obsidian/obsidian.asar
2023-08-29 16:43:34 Checking for update using Github
2023-08-29 16:43:34 Success.
2023-08-29 16:43:34 Latest version is 1.3.7
2023-08-29 16:43:34 App is up to date.
2023-08-29 17:43:34 Checking for update using Github
2023-08-29 17:43:34 Success.
2023-08-29 17:43:34 Latest version is 1.3.7
2023-08-29 17:43:34 App is up to date.
2023-08-29 18:43:34 Checking for update using Github
2023-08-29 18:43:34 Success.
2023-08-29 18:43:34 Latest version is 1.3.7
2023-08-29 18:43:34 App is up to date.
2023-08-29 19:43:34 Checking for update using Github
2023-08-29 19:43:34 Success.
2023-08-29 19:43:34 Latest version is 1.3.7
2023-08-29 19:43:34 App is up to date.
2023-08-29 20:43:34 Checking for update using Github
2023-08-29 20:43:34 Success.
2023-08-29 20:43:34 Latest version is 1.3.7
2023-08-29 20:43:34 App is up to date.
2023-08-29 21:43:34 Checking for update using Github
2023-08-29 21:43:34 Success.
2023-08-29 21:43:34 Latest version is 1.3.7
2023-08-29 21:43:34 App is up to date.
2023-08-29 22:43:34 Checking for update using Github
2023-08-29 22:43:34 Success.
2023-08-29 22:43:34 Latest version is 1.3.7
2023-08-29 22:43:34 App is up to date.
2023-08-29 23:43:34 Checking for update using Github
2023-08-29 23:43:35 Success.
2023-08-29 23:43:35 Latest version is 1.3.7
2023-08-29 23:43:35 App is up to date.
2023-08-30 00:43:35 Checking for update using Github
2023-08-30 00:43:35 Success.
2023-08-30 00:43:35 Latest version is 1.3.7
2023-08-30 00:43:35 App is up to date.
2023-08-30 01:43:35 Checking for update using Github
2023-08-30 01:43:35 Success.
2023-08-30 01:43:35 Latest version is 1.3.7
2023-08-30 01:43:35 App is up to date.
2023-08-30 02:43:35 Checking for update using Github
2023-08-30 02:43:35 Success.
2023-08-30 02:43:35 Latest version is 1.3.7
2023-08-30 02:43:35 App is up to date.
2023-08-30 03:43:35 Checking for update using Github
2023-08-30 03:43:35 Success.
2023-08-30 03:43:35 Latest version is 1.3.7
2023-08-30 03:43:35 App is up to date.
2023-08-30 04:43:35 Checking for update using Github
2023-08-30 04:43:35 Success.
2023-08-30 04:43:35 Latest version is 1.3.7
2023-08-30 04:43:35 App is up to date.
2023-08-30 05:43:35 Checking for update using Github
2023-08-30 05:43:35 Success.
2023-08-30 05:43:35 Latest version is 1.3.7
2023-08-30 05:43:35 App is up to date.
2023-08-30 06:43:35 Checking for update using Github
2023-08-30 06:43:35 Success.
2023-08-30 06:43:35 Latest version is 1.3.7
2023-08-30 06:43:35 App is up to date.
2023-08-30 07:43:35 Checking for update using Github
2023-08-30 07:43:35 Success.
2023-08-30 07:43:35 Latest version is 1.3.7
2023-08-30 07:43:35 App is up to date.
2023-08-30 08:43:35 Checking for update using Github
2023-08-30 08:43:35 Success.
2023-08-30 08:43:35 Latest version is 1.3.7
2023-08-30 08:43:35 App is up to date.
2023-08-30 15:00:51 Loading main app package /usr/lib/obsidian/obsidian.asar
2023-08-30 15:00:51 Checking for update using Github
2023-08-30 15:00:52 Success.
2023-08-30 15:00:52 Latest version is 1.3.7
2023-08-30 15:00:52 App is up to date.
2023-08-30 16:00:52 Checking for update using Github
2023-08-30 16:00:52 Success.
2023-08-30 16:00:52 Latest version is 1.3.7
2023-08-30 16:00:52 App is up to date.
2023-08-31 16:51:14 Loading main app package /usr/lib/obsidian/obsidian.asar
2023-08-31 16:51:15 Checking for update using Github
2023-08-31 16:51:15 Success.
2023-08-31 16:51:15 Latest version is 1.3.7
2023-08-31 16:51:15 App is up to date.
2023-09-03 16:01:47 Loading main app package /usr/lib/obsidian/obsidian.asar
2023-09-03 16:01:47 Checking for update using Github
2023-09-03 16:01:47 Success.
2023-09-03 16:01:47 Latest version is 1.4.5
2023-09-03 16:01:47 App is up to date.
2023-09-03 16:45:51 Loading main app package /usr/lib/obsidian/obsidian.asar
2023-09-03 16:45:51 Checking for update using Github
2023-09-03 16:45:51 Success.
2023-09-03 16:45:51 Latest version is 1.4.5
2023-09-03 16:45:51 App is up to date.
2023-09-03 17:45:51 Checking for update using Github
2023-09-03 17:45:51 Success.
2023-09-03 17:45:51 Latest version is 1.4.5
2023-09-03 17:45:51 App is up to date.
2023-09-03 18:25:54 Loading main app package /usr/lib/obsidian/obsidian.asar
2023-09-03 18:25:54 Checking for update using Github
2023-09-03 18:25:54 Success.
2023-09-03 18:25:54 Latest version is 1.4.5
2023-09-03 18:25:54 App is up to date.
2023-09-13 07:55:10 Loading main app package /usr/lib/obsidian/obsidian.asar
2023-09-13 07:55:10 Checking for update using Github
2023-09-13 07:55:11 Success.
2023-09-13 07:55:11 Latest version is 1.4.12
2023-09-13 07:55:11 Downloading update from https://github.com/obsidianmd/obsidian-releases/releases/download/v1.4.12/obsidian-1.4.12.asar.gz
2023-09-13 07:55:14 Verifying hash & signature. Size= 8394475
2023-09-13 07:55:14 Saving file
2023-09-13 07:55:14 Update complete.
2023-09-13 08:55:10 Checking for update using Github
2023-09-13 08:55:10 Success.
2023-09-13 08:55:10 Latest version is 1.4.12
2023-09-13 08:55:10 An update is already downloaded.
2023-09-13 12:09:02 Checking for update using Github
2023-09-13 12:09:03 Success.
2023-09-13 12:09:03 Latest version is 1.4.12
2023-09-13 12:09:03 An update is already downloaded.
2023-09-14 19:50:50 Checking for update using Github
2023-09-14 19:50:50 Success.
2023-09-14 19:50:50 Latest version is 1.4.12
2023-09-14 19:50:50 An update is already downloaded.
2023-09-16 09:16:10 Checking for update using Github
2023-09-17 17:38:55 Loading main app package /usr/lib/obsidian/obsidian.asar
2023-09-17 17:38:56 Checking for update using Github
2023-09-17 17:38:56 Success.
2023-09-17 17:38:56 Latest version is 1.4.13
2023-09-17 17:38:56 App is up to date.
2023-09-17 20:16:36 Checking for update using Github
2023-09-17 20:16:36 Success.
2023-09-17 20:16:36 Latest version is 1.4.13
2023-09-17 20:16:36 App is up to date.
2023-09-18 08:49:42 Checking for update using Github
2023-09-18 08:49:42 Success.
2023-09-18 08:49:42 Latest version is 1.4.13
2023-09-18 08:49:42 App is up to date.
2023-09-18 19:07:04 Loading main app package /usr/lib/obsidian/obsidian.asar
2023-09-18 19:07:05 Checking for update using Github
2023-09-18 19:07:05 Success.
2023-09-18 19:07:05 Latest version is 1.4.13
2023-09-18 19:07:05 App is up to date.
2023-09-18 19:20:03 Loading main app package /usr/lib/obsidian/obsidian.asar
2023-09-18 19:20:03 Checking for update using Github
2023-09-18 19:20:03 Success.
2023-09-18 19:20:03 Latest version is 1.4.13
2023-09-18 19:20:03 App is up to date.
